<?xml version="1.0" encoding="UTF-8"?>
<!-- Generated by org.testng.reporters.JUnitReportReporter -->
<testsuite skipped="0" hostname="LAPTOP-2CHJHONF" name="com.abc.prices.Controller" tests="2" failures="0" timestamp="2019-12-18T12:26:17 IST" time="107.159" errors="0">
  <testcase name="testcase2" time="47.669" classname="com.abc.prices.Controller"/>
  <testcase name="testcase" time="59.490" classname="com.abc.prices.Controller"/>
</testsuite> <!-- com.abc.prices.Controller -->
